<?xml version="1.0" encoding="UTF-8"?>
<!-- Generated by org.testng.reporters.JUnitXMLReporter -->
<testsuite ignored="0" hostname="seleniuminstance2-0" failures="0" tests="3" name="Surefire test" time="54.367" errors="0" timestamp="2023-08-21T09:58:02 UTC">
  <testcase classname="testcases.Testcase1" name="Tc001" time="16.175"/>
  <testcase classname="testcases.Testcase1" name="Tc002" time="11.303"/>
  <testcase classname="testcases.Testcase1" name="Tc003" time="11.53"/>
</testsuite> <!-- Surefire test -->
