-------------------------------------------------------------------------------
Test set: testcases.Testcase1
-------------------------------------------------------------------------------
Tests run: 3, Failures: 1, Errors: 0, Skipped: 0, Time elapsed: 48.673 s <<< FAILURE! - in testcases.Testcase1
Tc003(testcases.Testcase1)  Time elapsed: 4.017 s  <<< FAILURE!
java.lang.AssertionError: Page URL doesn't contain both 'Bangalore' and 'Coimbatore' keywords expected [true] but found [false]
	at testcases.Testcase1.Tc003(Testcase1.java:185)

