<?xml version="1.0" encoding="UTF-8"?>
<testng-results ignored="0" total="1" passed="1" failed="0" skipped="0">
  <reporter-output>
  </reporter-output>
  <suite started-at="2023-09-01T06:45:42 UTC" name="Surefire suite" finished-at="2023-09-01T06:45:52 UTC" duration-ms="10267">
    <groups>
    </groups>
    <test started-at="2023-09-01T06:45:42 UTC" name="Surefire test" finished-at="2023-09-01T06:45:52 UTC" duration-ms="10267">
      <class name="testcases.Testcase1">
        <test-method is-config="true" signature="beforeMethod()[pri:0, instance:testcases.Testcase1@7526515b]" started-at="2023-09-01T06:45:43 UTC" name="beforeMethod" finished-at="2023-09-01T06:45:48 UTC" duration-ms="5196" status="PASS">
          <reporter-output>
          </reporter-output>
        </test-method> <!-- beforeMethod -->
        <test-method signature="Tc002(java.lang.String,java.lang.String)[pri:2, instance:testcases.Testcase1@7526515b]" started-at="2023-09-01T06:45:48 UTC" name="Tc002" data-provider="testData" finished-at="2023-09-01T06:45:52 UTC" duration-ms="3740" status="PASS">
          <params>
            <param index="0">
              <value>
                <![CDATA[Mumbai]]>
              </value>
            </param>
            <param index="1">
              <value>
                <![CDATA[Chennai]]>
              </value>
            </param>
          </params>
          <reporter-output>
          </reporter-output>
        </test-method> <!-- Tc002 -->
        <test-method is-config="true" signature="afterMethod()[pri:0, instance:testcases.Testcase1@7526515b]" started-at="2023-09-01T06:45:52 UTC" name="afterMethod" finished-at="2023-09-01T06:45:52 UTC" duration-ms="419" status="PASS">
          <reporter-output>
          </reporter-output>
        </test-method> <!-- afterMethod -->
      </class> <!-- testcases.Testcase1 -->
    </test> <!-- Surefire test -->
  </suite> <!-- Surefire suite -->
</testng-results>
