<?xml version="1.0" encoding="UTF-8"?>
<testng-results ignored="0" total="2" passed="1" failed="1" skipped="0">
  <reporter-output>
  </reporter-output>
  <suite started-at="2023-09-01T06:23:07 UTC" name="Surefire suite" finished-at="2023-09-01T06:23:42 UTC" duration-ms="34958">
    <groups>
    </groups>
    <test started-at="2023-09-01T06:23:07 UTC" name="Surefire test" finished-at="2023-09-01T06:23:42 UTC" duration-ms="34958">
      <class name="testcases.Testcase1">
        <test-method is-config="true" signature="beforeMethod()[pri:0, instance:testcases.Testcase1@1ed4ae0f]" started-at="2023-09-01T06:23:07 UTC" name="beforeMethod" finished-at="2023-09-01T06:23:13 UTC" duration-ms="6051" status="PASS">
          <reporter-output>
          </reporter-output>
        </test-method> <!-- beforeMethod -->
        <test-method signature="Tc001()[pri:1, instance:testcases.Testcase1@1ed4ae0f]" started-at="2023-09-01T06:23:13 UTC" name="Tc001" finished-at="2023-09-01T06:23:36 UTC" duration-ms="22609" status="PASS">
          <reporter-output>
          </reporter-output>
        </test-method> <!-- Tc001 -->
        <test-method is-config="true" signature="afterMethod()[pri:0, instance:testcases.Testcase1@1ed4ae0f]" started-at="2023-09-01T06:23:36 UTC" name="afterMethod" finished-at="2023-09-01T06:23:37 UTC" duration-ms="648" status="PASS">
          <reporter-output>
          </reporter-output>
        </test-method> <!-- afterMethod -->
        <test-method is-config="true" signature="beforeMethod()[pri:0, instance:testcases.Testcase1@1ed4ae0f]" started-at="2023-09-01T06:23:37 UTC" name="beforeMethod" finished-at="2023-09-01T06:23:42 UTC" duration-ms="4654" status="PASS">
          <reporter-output>
          </reporter-output>
        </test-method> <!-- beforeMethod -->
        <test-method signature="testBusBooking(java.lang.String,java.lang.String)[pri:2, instance:testcases.Testcase1@1ed4ae0f]" started-at="2023-09-01T06:23:42 UTC" name="testBusBooking" data-provider="testData" finished-at="2023-09-01T06:23:42 UTC" duration-ms="1" status="FAIL">
          <params>
            <param index="0">
              <value>
                <![CDATA[Mumbai]]>
              </value>
            </param>
            <param index="1">
              <value>
                <![CDATA[Chennai]]>
              </value>
            </param>
          </params>
          <exception class="java.lang.Error">
            <message>
              <![CDATA[Unresolved compilation problems: 
The constructor WebDriverWait(WebDriver, int) is undefined
The constructor WebDriverWait(WebDriver, int) is undefined
test cannot be resolved
Syntax error, insert ")" to complete Expression
]]>
            </message>
            <full-stacktrace>
              <![CDATA[java.lang.Error: Unresolved compilation problems: 
The constructor WebDriverWait(WebDriver, int) is undefined
The constructor WebDriverWait(WebDriver, int) is undefined
test cannot be resolved
Syntax error, insert ")" to complete Expression

at testcases.Testcase1.testBusBooking(Testcase1.java:140)
at java.base/jdk.internal.reflect.NativeMethodAccessorImpl.invoke0(Native Method)
at java.base/jdk.internal.reflect.NativeMethodAccessorImpl.invoke(NativeMethodAccessorImpl.java:62)
at java.base/jdk.internal.reflect.DelegatingMethodAccessorImpl.invoke(DelegatingMethodAccessorImpl.java:43)
at java.base/java.lang.reflect.Method.invoke(Method.java:566)
at org.testng.internal.invokers.MethodInvocationHelper.invokeMethod(MethodInvocationHelper.java:139)
at org.testng.internal.invokers.TestInvoker.invokeMethod(TestInvoker.java:664)
at org.testng.internal.invokers.TestInvoker.invokeTestMethod(TestInvoker.java:227)
at org.testng.internal.invokers.MethodRunner.runInSequence(MethodRunner.java:50)
at org.testng.internal.invokers.TestInvoker$MethodInvocationAgent.invoke(TestInvoker.java:957)
at org.testng.internal.invokers.TestInvoker.invokeTestMethods(TestInvoker.java:200)
at org.testng.internal.invokers.TestMethodWorker.invokeTestMethods(TestMethodWorker.java:148)
at org.testng.internal.invokers.TestMethodWorker.run(TestMethodWorker.java:128)
at java.base/java.util.ArrayList.forEach(ArrayList.java:1541)
at org.testng.TestRunner.privateRun(TestRunner.java:848)
at org.testng.TestRunner.run(TestRunner.java:621)
at org.testng.SuiteRunner.runTest(SuiteRunner.java:443)
at org.testng.SuiteRunner.runSequentially(SuiteRunner.java:437)
at org.testng.SuiteRunner.privateRun(SuiteRunner.java:397)
at org.testng.SuiteRunner.run(SuiteRunner.java:336)
at org.testng.SuiteRunnerWorker.runSuite(SuiteRunnerWorker.java:52)
at org.testng.SuiteRunnerWorker.run(SuiteRunnerWorker.java:95)
at org.testng.TestNG.runSuitesSequentially(TestNG.java:1280)
at org.testng.TestNG.runSuitesLocally(TestNG.java:1200)
at org.testng.TestNG.runSuites(TestNG.java:1114)
at org.testng.TestNG.run(TestNG.java:1082)
at org.apache.maven.surefire.testng.TestNGExecutor.run(TestNGExecutor.java:135)
at org.apache.maven.surefire.testng.TestNGDirectoryTestSuite.executeSingleClass(TestNGDirectoryTestSuite.java:112)
at org.apache.maven.surefire.testng.TestNGDirectoryTestSuite.execute(TestNGDirectoryTestSuite.java:99)
at org.apache.maven.surefire.testng.TestNGProvider.invoke(TestNGProvider.java:146)
at org.apache.maven.surefire.booter.ForkedBooter.invokeProviderInSameClassLoader(ForkedBooter.java:384)
at org.apache.maven.surefire.booter.ForkedBooter.runSuitesInProcess(ForkedBooter.java:345)
at org.apache.maven.surefire.booter.ForkedBooter.execute(ForkedBooter.java:126)
at org.apache.maven.surefire.booter.ForkedBooter.main(ForkedBooter.java:418)
]]>
            </full-stacktrace>
          </exception> <!-- java.lang.Error -->
          <reporter-output>
          </reporter-output>
        </test-method> <!-- testBusBooking -->
        <test-method is-config="true" signature="afterMethod()[pri:0, instance:testcases.Testcase1@1ed4ae0f]" started-at="2023-09-01T06:23:42 UTC" name="afterMethod" finished-at="2023-09-01T06:23:42 UTC" duration-ms="202" status="PASS">
          <reporter-output>
          </reporter-output>
        </test-method> <!-- afterMethod -->
      </class> <!-- testcases.Testcase1 -->
    </test> <!-- Surefire test -->
  </suite> <!-- Surefire suite -->
</testng-results>
